<?xml version="1.0" encoding="UTF-8"?>
<!-- Generated by org.testng.reporters.JUnitReportReporter -->
<testsuite hostname="DESKTOP-5BINFA7" failures="0" tests="1" name="runner.RunnerFailed" time="61.622" errors="0" timestamp="2023-12-14T15:53:00 IST" skipped="0">
  <testcase classname="runner.RunnerFailed" name="runScenario" time="61.622"/>
  <system-out/>
</testsuite> <!-- runner.RunnerFailed -->
