<?xml version="1.0" encoding="UTF-8"?>
<!-- Generated by org.testng.reporters.JUnitReportReporter -->
<testsuite hostname="DESKTOP-5BINFA7" failures="0" tests="1" name="runner.RunnerFailed" time="80.731" errors="0" timestamp="2023-12-15T09:05:43 IST" skipped="0">
  <testcase classname="runner.RunnerFailed" name="runScenario" time="80.731"/>
  <system-out/>
</testsuite> <!-- runner.RunnerFailed -->
