<?xml version="1.0" encoding="UTF-8"?>
<!-- Generated by org.testng.reporters.JUnitReportReporter -->
<testsuite hostname="DESKTOP-5BINFA7" failures="0" tests="1" name="runner.Runner" time="59.690" errors="0" timestamp="2023-12-13T16:55:03 IST" skipped="0">
  <testcase classname="runner.Runner" name="runScenario" time="59.690"/>
  <system-out/>
</testsuite> <!-- runner.Runner -->
